Squeak
Bark
Roar

Minimon
Megamon

NickA
MikeB

MikeA
NickB

NickA
MikeA
JasonA

JasonB
MikeB
NickB

MikeC
JasonC
NickC

MikeD
NickD
JasonD

First
Second
Third
Fourth
Last

Blastamon
Blastasecond
Weeeee
I
Am
Running
Out
Of
Names
Lastamon

Start
They
Are
All
In
Order
Expect
The
Last
And
First
One
End

Mike
Bret
Nick
Richard
Junior
Charlie
Bob
Will
Kerry
Sue
Phil
Greg
Glenn

Backwards
Is
Set
This

Almost
Backwards
Is
Set
This

Do
Not
Sort
This
Set

One
Two
Three
Four
Five
Six
Seven
Eight
Nine
Ten
OneOne
OneTwo
OneThree
OneFour
OneFive
OneSix
OneSeven
OneEight
OneNine
TwoZero
TwoOne
TwoTwo
TwoThree
TwoFour
TwoFive
TwoSix
TwoSeven
TwoEight
TwoNine
ThreeZero
ThreeOne
ThreeTwo
ThreeThree
ThreeFour
ThreeFive
ThreeSix
ThreeSeven
ThreeEight
ThreeNine
FourZero
FourOne
FourTwo
FourThree
FourFour
FourFive
FourSix
FourSeven
FourEight
FourNine
FiveZero
FiveOne
FiveTwo
FiveThree
FiveFour
FiveFive
FiveSix
FiveSeven
FiveEight
FiveNine
SixZero
SixOne
SixTwo
SixThree
SixFour
SixFive
SixSix
SixSeven
SixEight
SixNine
SevenZero
SevenOne
SevenTwo
SevenThree
SevenFour
SevenFive
SevenSix
SevenSeven
SevenEight
SevenNine
EightZero
EightOne
EightTwo
EightThree
EightFour
EightFive
EightSix
EightSeven
EightEight
EightNine
NineZero
NineOne
NineTwo
NineThree
NineFour
NineFive
NineSix
NineSeven
NineEight
NineNine
OneZeroZero
OneZeroOne
OneZeroTwo
OneZeroThree
OneZeroFour
OneZeroFive
OneZeroSix
OneZeroSeven
OneZeroEight
OneZeroNine
OneOneZero
OneOneOne
OneOneTwo
OneOneThree
OneOneFour
OneOneFive
OneOneSix
OneOneSeven
OneOneEight
OneOneNine
OneTwoZero
OneTwoOne
OneTwoTwo
OneTwoThree
OneTwoFour
OneTwoFive
OneTwoSix
OneTwoSeven
OneTwoEight
OneTwoNine
OneThreeZero
OneThreeOne
OneThreeTwo
OneThreeThree
OneThreeFour
OneThreeFive
OneThreeSix
OneThreeSeven
OneThreeEight
OneThreeNine
OneFourZero
OneFourOne
OneFourTwo
OneFourThree
OneFourFour
OneFourFive
OneFourSix
OneFourSeven
OneFourEight
OneFourNine
OneFiveZero
OneFiveOne
OneFiveTwo
OneFiveThree
OneFiveFour
OneFiveFive
OneFiveSix
OneFiveSeven
OneFiveEight
OneFiveNine
OneSixZero
OneSixOne
OneSixTwo
OneSixThree
OneSixFour
OneSixFive
OneSixSix
OneSixSeven
OneSixEight
OneSixNine
OneSevenZero
OneSevenOne
OneSevenTwo
OneSevenThree
OneSevenFour
OneSevenFive
OneSevenSix
OneSevenSeven
OneSevenEight
OneSevenNine
OneEightZero
OneEightOne
OneEightTwo
OneEightThree
OneEightFour
OneEightFive
OneEightSix
OneEightSeven
OneEightEight
OneEightNine
OneNineZero
OneNineOne
OneNineTwo
OneNineThree
OneNineFour
OneNineFive
OneNineSix
OneNineSeven
OneNineEight
OneNineNine
TwoZeroZero
TwoZeroOne
TwoZeroTwo
TwoZeroThree
TwoZeroFour
TwoZeroFive
TwoZeroSix
TwoZeroSeven
TwoZeroEight
TwoZeroNine
TwoOneZero
TwoOneOne
TwoOneTwo
TwoOneThree
TwoOneFour
TwoOneFive
TwoOneSix
TwoOneSeven
TwoOneEight
TwoOneNine
TwoTwoZero
TwoTwoOne
TwoTwoTwo
TwoTwoThree
TwoTwoFour
TwoTwoFive
TwoTwoSix
TwoTwoSeven
TwoTwoEight
TwoTwoNine
TwoThreeZero
TwoThreeOne
TwoThreeTwo
TwoThreeThree
TwoThreeFour
TwoThreeFive
TwoThreeSix
TwoThreeSeven
TwoThreeEight
TwoThreeNine
TwoFourZero
TwoFourOne
TwoFourTwo
TwoFourThree
TwoFourFour
TwoFourFive
TwoFourSix
TwoFourSeven
TwoFourEight
TwoFourNine
TwoFiveZero
TwoFiveOne
TwoFiveTwo
TwoFiveThree
TwoFiveFour
TwoFiveFive
TwoFiveSix
TwoFiveSeven
TwoFiveEight
TwoFiveNine
TwoSixZero
TwoSixOne
TwoSixTwo
TwoSixThree
TwoSixFour
TwoSixFive
TwoSixSix
TwoSixSeven
TwoSixEight
TwoSixNine
TwoSevenZero
TwoSevenOne
TwoSevenTwo
TwoSevenThree
TwoSevenFour
TwoSevenFive
TwoSevenSix
TwoSevenSeven
TwoSevenEight
TwoSevenNine
TwoEightZero
TwoEightOne
TwoEightTwo
TwoEightThree
TwoEightFour
TwoEightFive
TwoEightSix
TwoEightSeven
TwoEightEight
TwoEightNine
TwoNineZero
TwoNineOne
TwoNineTwo
TwoNineThree
TwoNineFour
TwoNineFive
TwoNineSix
TwoNineSeven
TwoNineEight
TwoNineNine
ThreeZeroZero
ThreeZeroOne
ThreeZeroTwo
ThreeZeroThree
ThreeZeroFour
ThreeZeroFive
ThreeZeroSix
ThreeZeroSeven
ThreeZeroEight
ThreeZeroNine
ThreeOneZero
ThreeOneOne
ThreeOneTwo
ThreeOneThree
ThreeOneFour
ThreeOneFive
ThreeOneSix
ThreeOneSeven
ThreeOneEight
ThreeOneNine
ThreeTwoZero
ThreeTwoOne
ThreeTwoTwo
ThreeTwoThree
ThreeTwoFour
ThreeTwoFive
ThreeTwoSix
ThreeTwoSeven
ThreeTwoEight
ThreeTwoNine
ThreeThreeZero
ThreeThreeOne
ThreeThreeTwo
ThreeThreeThree
ThreeThreeFour
ThreeThreeFive
ThreeThreeSix
ThreeThreeSeven
ThreeThreeEight
ThreeThreeNine
ThreeFourZero
ThreeFourOne
ThreeFourTwo
ThreeFourThree
ThreeFourFour
ThreeFourFive
ThreeFourSix
ThreeFourSeven
ThreeFourEight
ThreeFourNine
ThreeFiveZero
ThreeFiveOne
ThreeFiveTwo
ThreeFiveThree
ThreeFiveFour
ThreeFiveFive
ThreeFiveSix
ThreeFiveSeven
ThreeFiveEight
ThreeFiveNine
ThreeSixZero
ThreeSixOne
ThreeSixTwo
ThreeSixThree
ThreeSixFour
ThreeSixFive
ThreeSixSix
ThreeSixSeven
ThreeSixEight
ThreeSixNine
ThreeSevenZero
ThreeSevenOne
ThreeSevenTwo
ThreeSevenThree
ThreeSevenFour
ThreeSevenFive
ThreeSevenSix
ThreeSevenSeven
ThreeSevenEight
ThreeSevenNine
ThreeEightZero
ThreeEightOne
ThreeEightTwo
ThreeEightThree
ThreeEightFour
ThreeEightFive
ThreeEightSix
ThreeEightSeven
ThreeEightEight
ThreeEightNine
ThreeNineZero
ThreeNineOne
ThreeNineTwo
ThreeNineThree
ThreeNineFour
ThreeNineFive
ThreeNineSix
ThreeNineSeven
ThreeNineEight
ThreeNineNine
FourZeroZero
FourZeroOne
FourZeroTwo
FourZeroThree
FourZeroFour
FourZeroFive
FourZeroSix
FourZeroSeven
FourZeroEight
FourZeroNine
FourOneZero
FourOneOne
FourOneTwo
FourOneThree
FourOneFour
FourOneFive
FourOneSix
FourOneSeven
FourOneEight
FourOneNine
FourTwoZero
FourTwoOne
FourTwoTwo
FourTwoThree
FourTwoFour
FourTwoFive
FourTwoSix
FourTwoSeven
FourTwoEight
FourTwoNine
FourThreeZero
FourThreeOne
FourThreeTwo
FourThreeThree
FourThreeFour
FourThreeFive
FourThreeSix
FourThreeSeven
FourThreeEight
FourThreeNine
FourFourZero
FourFourOne
FourFourTwo
FourFourThree
FourFourFour
FourFourFive
FourFourSix
FourFourSeven
FourFourEight
FourFourNine
FourFiveZero
FourFiveOne
FourFiveTwo
FourFiveThree
FourFiveFour
FourFiveFive
FourFiveSix
FourFiveSeven
FourFiveEight
FourFiveNine
FourSixZero
FourSixOne
FourSixTwo
FourSixThree
FourSixFour
FourSixFive
FourSixSix
FourSixSeven
FourSixEight
FourSixNine
FourSevenZero
FourSevenOne
FourSevenTwo
FourSevenThree
FourSevenFour
FourSevenFive
FourSevenSix
FourSevenSeven
FourSevenEight
FourSevenNine
FourEightZero
FourEightOne
FourEightTwo
FourEightThree
FourEightFour
FourEightFive
FourEightSix
FourEightSeven
FourEightEight
FourEightNine
FourNineZero
FourNineOne
FourNineTwo
FourNineThree
FourNineFour
FourNineFive
FourNineSix
FourNineSeven
FourNineEight
FourNineNine
FiveZeroZero
FiveZeroOne
FiveZeroTwo
FiveZeroThree
FiveZeroFour
FiveZeroFive
FiveZeroSix
FiveZeroSeven
FiveZeroEight
FiveZeroNine
FiveOneZero
FiveOneOne
FiveOneTwo
FiveOneThree
FiveOneFour
FiveOneFive
FiveOneSix
FiveOneSeven
FiveOneEight
FiveOneNine
FiveTwoZero
FiveTwoOne
FiveTwoTwo
FiveTwoThree
FiveTwoFour
FiveTwoFive
FiveTwoSix
FiveTwoSeven
FiveTwoEight
FiveTwoNine
FiveThreeZero
FiveThreeOne
FiveThreeTwo
FiveThreeThree
FiveThreeFour
FiveThreeFive
FiveThreeSix
FiveThreeSeven
FiveThreeEight
FiveThreeNine
FiveFourZero
FiveFourOne
FiveFourTwo
FiveFourThree
FiveFourFour
FiveFourFive
FiveFourSix
FiveFourSeven
FiveFourEight
FiveFourNine
FiveFiveZero
FiveFiveOne
FiveFiveTwo
FiveFiveThree
FiveFiveFour
FiveFiveFive
FiveFiveSix
FiveFiveSeven
FiveFiveEight
FiveFiveNine
FiveSixZero
FiveSixOne
FiveSixTwo
FiveSixThree
FiveSixFour
FiveSixFive
FiveSixSix
FiveSixSeven
FiveSixEight
FiveSixNine
FiveSevenZero
FiveSevenOne
FiveSevenTwo
FiveSevenThree
FiveSevenFour
FiveSevenFive
FiveSevenSix
FiveSevenSeven
FiveSevenEight
FiveSevenNine
FiveEightZero
FiveEightOne
FiveEightTwo
FiveEightThree
FiveEightFour
FiveEightFive
FiveEightSix
FiveEightSeven
FiveEightEight
FiveEightNine
FiveNineZero
FiveNineOne
FiveNineTwo
FiveNineThree
FiveNineFour
FiveNineFive
FiveNineSix
FiveNineSeven
FiveNineEight
FiveNineNine
SixZeroZero
SixZeroOne
SixZeroTwo
SixZeroThree
SixZeroFour
SixZeroFive
SixZeroSix
SixZeroSeven
SixZeroEight
SixZeroNine
SixOneZero
SixOneOne
SixOneTwo
SixOneThree
SixOneFour
SixOneFive
SixOneSix
SixOneSeven
SixOneEight
SixOneNine
SixTwoZero
SixTwoOne
SixTwoTwo
SixTwoThree
SixTwoFour
SixTwoFive
SixTwoSix
SixTwoSeven
SixTwoEight
SixTwoNine
SixThreeZero
SixThreeOne
SixThreeTwo
SixThreeThree
SixThreeFour
SixThreeFive
SixThreeSix
SixThreeSeven
SixThreeEight
SixThreeNine
SixFourZero
SixFourOne
SixFourTwo
SixFourThree
SixFourFour
SixFourFive
SixFourSix
SixFourSeven
SixFourEight
SixFourNine
SixFiveZero
SixFiveOne
SixFiveTwo
SixFiveThree
SixFiveFour
SixFiveFive
SixFiveSix
SixFiveSeven
SixFiveEight
SixFiveNine
SixSixZero
SixSixOne
SixSixTwo
SixSixThree
SixSixFour
SixSixFive
SixSixSix
SixSixSeven
SixSixEight
SixSixNine
SixSevenZero
SixSevenOne
SixSevenTwo
SixSevenThree
SixSevenFour
SixSevenFive
SixSevenSix
SixSevenSeven
SixSevenEight
SixSevenNine
SixEightZero
SixEightOne
SixEightTwo
SixEightThree
SixEightFour
SixEightFive
SixEightSix
SixEightSeven
SixEightEight
SixEightNine
SixNineZero
SixNineOne
SixNineTwo
SixNineThree
SixNineFour
SixNineFive
SixNineSix
SixNineSeven
SixNineEight
SixNineNine
SevenZeroZero
SevenZeroOne
SevenZeroTwo
SevenZeroThree
SevenZeroFour
SevenZeroFive
SevenZeroSix
SevenZeroSeven
SevenZeroEight
SevenZeroNine
SevenOneZero
SevenOneOne
SevenOneTwo
SevenOneThree
SevenOneFour
SevenOneFive
SevenOneSix
SevenOneSeven
SevenOneEight
SevenOneNine
SevenTwoZero
SevenTwoOne
SevenTwoTwo
SevenTwoThree
SevenTwoFour
SevenTwoFive
SevenTwoSix
SevenTwoSeven
SevenTwoEight
SevenTwoNine
SevenThreeZero
SevenThreeOne
SevenThreeTwo
SevenThreeThree
SevenThreeFour
SevenThreeFive
SevenThreeSix
SevenThreeSeven
SevenThreeEight
SevenThreeNine
SevenFourZero
SevenFourOne
SevenFourTwo
SevenFourThree
SevenFourFour
SevenFourFive
SevenFourSix
SevenFourSeven
SevenFourEight
SevenFourNine
SevenFiveZero
SevenFiveOne
SevenFiveTwo
SevenFiveThree
SevenFiveFour
SevenFiveFive
SevenFiveSix
SevenFiveSeven
SevenFiveEight
SevenFiveNine
SevenSixZero
SevenSixOne
SevenSixTwo
SevenSixThree
SevenSixFour
SevenSixFive
SevenSixSix
SevenSixSeven
SevenSixEight
SevenSixNine
SevenSevenZero
SevenSevenOne
SevenSevenTwo
SevenSevenThree
SevenSevenFour
SevenSevenFive
SevenSevenSix
SevenSevenSeven
SevenSevenEight
SevenSevenNine
SevenEightZero
SevenEightOne
SevenEightTwo
SevenEightThree
SevenEightFour
SevenEightFive
SevenEightSix
SevenEightSeven
SevenEightEight
SevenEightNine
SevenNineZero
SevenNineOne
SevenNineTwo
SevenNineThree
SevenNineFour
SevenNineFive
SevenNineSix
SevenNineSeven
SevenNineEight
SevenNineNine
EightZeroZero
EightZeroOne
EightZeroTwo
EightZeroThree
EightZeroFour
EightZeroFive
EightZeroSix
EightZeroSeven
EightZeroEight
EightZeroNine
EightOneZero
EightOneOne
EightOneTwo
EightOneThree
EightOneFour
EightOneFive
EightOneSix
EightOneSeven
EightOneEight
EightOneNine
EightTwoZero
EightTwoOne
EightTwoTwo
EightTwoThree
EightTwoFour
EightTwoFive
EightTwoSix
EightTwoSeven
EightTwoEight
EightTwoNine
EightThreeZero
EightThreeOne
EightThreeTwo
EightThreeThree
EightThreeFour
EightThreeFive
EightThreeSix
EightThreeSeven
EightThreeEight
EightThreeNine
EightFourZero
EightFourOne
EightFourTwo
EightFourThree
EightFourFour
EightFourFive
EightFourSix
EightFourSeven
EightFourEight
EightFourNine
EightFiveZero
EightFiveOne
EightFiveTwo
EightFiveThree
EightFiveFour
EightFiveFive
EightFiveSix
EightFiveSeven
EightFiveEight
EightFiveNine
EightSixZero
EightSixOne
EightSixTwo
EightSixThree
EightSixFour
EightSixFive
EightSixSix
EightSixSeven
EightSixEight
EightSixNine
EightSevenZero
EightSevenOne
EightSevenTwo
EightSevenThree
EightSevenFour
EightSevenFive
EightSevenSix
EightSevenSeven
EightSevenEight
EightSevenNine
EightEightZero
EightEightOne
EightEightTwo
EightEightThree
EightEightFour
EightEightFive
EightEightSix
EightEightSeven
EightEightEight
EightEightNine
EightNineZero
EightNineOne
EightNineTwo
EightNineThree
EightNineFour
EightNineFive
EightNineSix
EightNineSeven
EightNineEight
EightNineNine
NineZeroZero
NineZeroOne
NineZeroTwo
NineZeroThree
NineZeroFour
NineZeroFive
NineZeroSix
NineZeroSeven
NineZeroEight
NineZeroNine
NineOneZero
NineOneOne
NineOneTwo
NineOneThree
NineOneFour
NineOneFive
NineOneSix
NineOneSeven
NineOneEight
NineOneNine
NineTwoZero
NineTwoOne
NineTwoTwo
NineTwoThree
NineTwoFour
NineTwoFive
NineTwoSix
NineTwoSeven
NineTwoEight
NineTwoNine
NineThreeZero
NineThreeOne
NineThreeTwo
NineThreeThree
NineThreeFour
NineThreeFive
NineThreeSix
NineThreeSeven
NineThreeEight
NineThreeNine
NineFourZero
NineFourOne
NineFourTwo
NineFourThree
NineFourFour
NineFourFive
NineFourSix
NineFourSeven
NineFourEight
NineFourNine
NineFiveZero
NineFiveOne
NineFiveTwo
NineFiveThree
NineFiveFour
NineFiveFive
NineFiveSix
NineFiveSeven
NineFiveEight
NineFiveNine
NineSixZero
NineSixOne
NineSixTwo
NineSixThree
NineSixFour
NineSixFive
NineSixSix
NineSixSeven
NineSixEight
NineSixNine
NineSevenZero
NineSevenOne
NineSevenTwo
NineSevenThree
NineSevenFour
NineSevenFive
NineSevenSix
NineSevenSeven
NineSevenEight
NineSevenNine
NineEightZero
NineEightOne
NineEightTwo
NineEightThree
NineEightFour
NineEightFive
NineEightSix
NineEightSeven
NineEightEight
NineEightNine
NineNineZero
NineNineOne
NineNineTwo
NineNineThree
NineNineFour
NineNineFive
NineNineSix
NineNineSeven
NineNineEight
NineNineNine
OneZeroZeroZero

