Lane #1:
 Chuck 300

Lane #2:
 Phil 156
 GutterMan 3

Lane #3:
 NineSpare 190
 EightSpare 180
 SevenSpare 170
 SixSpare 160
 FiveSpare 150
 FourSpare 140

Lane #4:
 AlmostPerfect 299
 ThirtyCharactersaaaaaaaaaaaaaa 109
 NotSoPerfect 20

Lane #5:
 FordPerfect 71
 Zaphod 57
 Marvin 55
 WonkoTheSane 54
 ArthurDent 49
 Fenchurch 47

Lane #6:
 one 1
 z 0

Lane #7:
 Michael 147
 Missy 129

Lane #8:
 Adam 128
 Nick 112

Lane #9:
 Loser 164
 Player 140
 Mo 127
 John 125

Lane #10:
 Bob 113
 Tim 71

