Pay_Day
Baby_Ruth
Sugar_Babies
Nutrageous
Unknown candy bar!
Snickers
Pay_Day
Baby_Ruth
Sugar_Babies
Snickers
Caramello
Snickers
Goobers
Unknown candy bar!
Snickers
Snickers
Unknown candy bar!
Milky_Way
Snickers
Snickers
Snickers
Unknown candy bar!
Unknown candy bar!
Goobers
Snickers
Goobers
Unknown candy bar!
Goobers
Goobers
Caramello
Caramello
Caramello
Caramello
Unknown candy bar!
Snickers
Nutrageous
Baby_Ruth
Unknown candy bar!
Snickers
Unknown candy bar!
Unknown candy bar!
Baby_Ruth
Baby_Ruth
Baby_Ruth
