50
20
0
0
0
0
50
50
50
50
50
50
50
50
50
50
50
50
50
50
50
50
50
50
50
50
50
50
50
50
50
50
50
50
50
50
50
50
50
50
50
50
50
50
50
50
25
25
25
25
25
25
25
25
25
25
25
25
25
25
25
25
25
25
25
25
25
25
25
25
25
25
25
25
25
25
25
25
25
25
25
25
25
25
25
25
25
25
25
25
25
25
25
25
25
25
25
25
25
25
25
25
25
25
25
25
25
25
25
25
25
25
25
25
25
25
25
25
25
25
25
25
25
25
25
25
6
13
4
18
1
20
5
12
9
14
11
8
16
7
19
3
17
2
15
10
6
13
4
18
1
20
5
12
9
14
11
8
16
7
19
3
17
2
15
10
6
13
4
18
1
20
5
12
9
14
11
8
16
7
19
3
17
2
15
10
6
13
4
18
1
20
5
12
9
14
11
8
16
7
19
3
17
2
15
10
6
13
4
18
1
20
5
12
9
14
11
8
16
7
19
3
17
2
15
10
6
13
4
18
1
20
5
12
9
14
11
8
16
7
19
3
17
2
15
10
6
13
4
18
1
20
5
12
9
14
11
8
16
7
19
3
17
2
15
10
6
13
4
18
1
20
5
12
9
14
11
8
16
7
19
3
17
2
15
10
6
13
4
18
1
20
5
12
9
14
11
8
16
7
19
3
17
2
15
10
6
13
4
18
1
20
5
12
9
14
11
8
16
7
19
3
17
2
15
10
6
13
4
18
1
20
5
12
9
14
11
8
16
7
19
3
17
2
15
10
18
39
12
54
3
60
15
36
27
42
33
24
48
21
57
9
51
6
45
30
18
39
12
54
3
60
15
36
27
42
33
24
48
21
57
9
51
6
45
30
6
13
4
18
1
20
5
12
9
14
11
8
16
7
19
3
17
2
15
10
6
13
4
18
1
20
5
12
9
14
11
8
16
7
19
3
17
2
15
10
6
13
4
18
1
20
5
12
9
14
11
8
16
7
19
3
17
2
15
10
6
13
4
18
1
20
5
12
9
14
11
8
16
7
19
3
17
2
15
10
6
13
4
18
1
20
5
12
9
14
11
8
16
7
19
3
17
2
15
10
6
13
4
18
1
20
5
12
9
14
11
8
16
7
19
3
17
2
15
10
6
13
4
18
1
20
5
12
9
14
11
8
16
7
19
3
17
2
15
10
6
13
4
18
1
20
5
12
9
14
11
8
16
7
19
3
17
2
15
10
12
26
8
36
2
40
10
24
18
28
22
16
32
14
38
6
34
4
30
20
12
26
8
36
2
40
10
24
18
28
22
16
32
14
38
6
34
4
30
20
0
0
0
0
0
0
0
0
0
0
0
0
0
0
0
0
0
0
0
0
0
0
0
0
0
0
0
0
0
0
0
0
0
0
0
0
0
0
0
0
0
0
0
0
0
0
0
0
0
0
0
0
0
0
0
0
0
0
0
0
50
25
25
6
6
18
18
6
6
12
12
0
50
25
25
13
13
39
39
13
13
26
26
0
50
25
25
13
13
39
39
13
13
26
26
0
50
25
25
4
4
12
12
4
4
8
8
0
50
25
25
4
4
12
12
4
4
8
8
0
50
25
25
18
18
54
54
18
18
36
36
0
50
25
25
18
18
54
54
18
18
36
36
0
50
25
25
1
1
3
3
1
1
2
2
0
50
25
25
1
1
3
3
1
1
2
2
0
50
25
25
20
20
60
60
20
20
40
40
0
50
25
25
20
20
60
60
20
20
40
40
0
50
25
25
5
5
15
15
5
5
10
10
0
50
25
25
5
5
15
15
5
5
10
10
0
50
25
25
12
12
36
36
12
12
24
24
0
50
25
25
12
12
36
36
12
12
24
24
0
50
25
25
9
9
27
27
9
9
18
18
0
50
25
25
9
9
27
27
9
9
18
18
0
50
25
25
14
14
42
42
14
14
28
28
0
50
25
25
14
14
42
42
14
14
28
28
0
50
25
25
11
11
33
33
11
11
22
22
0
50
25
25
11
11
33
33
11
11
22
22
0
50
25
25
8
8
24
24
8
8
16
16
0
50
25
25
8
8
24
24
8
8
16
16
0
50
25
25
16
16
48
48
16
16
32
32
0
50
25
25
16
16
48
48
16
16
32
32
0
50
25
25
7
7
21
21
7
7
14
14
0
50
25
25
7
7
21
21
7
7
14
14
0
50
25
25
19
19
57
57
19
19
38
38
0
50
25
25
19
19
57
57
19
19
38
38
0
50
25
25
3
3
9
9
3
3
6
6
0
50
25
25
3
3
9
9
3
3
6
6
0
50
25
25
17
17
51
51
17
17
34
34
0
50
25
25
17
17
51
51
17
17
34
34
0
50
25
25
2
2
6
6
2
2
4
4
0
50
25
25
2
2
6
6
2
2
4
4
0
50
25
25
15
15
45
45
15
15
30
30
0
50
25
25
15
15
45
45
15
15
30
30
0
50
25
25
10
10
30
30
10
10
20
20
0
50
25
25
10
10
30
30
10
10
20
20
0
50
25
25
6
6
18
18
6
6
12
12
0
